<?xml version="1.0" encoding="UTF-8"?>
<!-- Generated by org.testng.reporters.JUnitXMLReporter -->
<testsuite ignored="0" hostname="PUNITP540517L" failures="0" tests="3" name="Default test" time="3.858" errors="0" timestamp="06 May 2022 13:55:11 GMT">
  <testcase classname="Datapro.DataProvide" name="test" time="2.694"/>
  <testcase classname="Datapro.DataProvide" name="test" time="0.589"/>
  <testcase classname="Datapro.DataProvide" name="test" time="0.54"/>
</testsuite> <!-- Default test -->
