<?xml version="1.0" encoding="UTF-8"?>
<testng-results ignored="0" total="3" passed="3" failed="0" skipped="0">
  <reporter-output>
  </reporter-output>
  <suite started-at="2022-05-06T13:55:07Z" name="Default suite" finished-at="2022-05-06T13:55:11Z" duration-ms="3858">
    <groups>
    </groups>
    <test started-at="2022-05-06T13:55:07Z" name="Default test" finished-at="2022-05-06T13:55:11Z" duration-ms="3858">
      <class name="Datapro.DataProvide">
        <test-method signature="test(java.lang.String, java.lang.String)[pri:0, instance:Datapro.DataProvide@62010f5c]" started-at="2022-05-06T13:55:07Z" name="test" data-provider="login" finished-at="2022-05-06T13:55:10Z" duration-ms="2694" status="PASS">
          <params>
            <param index="0">
              <value>
                <![CDATA[eve.holt@reqres.in]]>
              </value>
            </param>
            <param index="1">
              <value>
                <![CDATA[cityslicka]]>
              </value>
            </param>
          </params>
          <reporter-output>
          </reporter-output>
        </test-method> <!-- test -->
        <test-method signature="test(java.lang.String, java.lang.String)[pri:0, instance:Datapro.DataProvide@62010f5c]" started-at="2022-05-06T13:55:10Z" name="test" data-provider="login" finished-at="2022-05-06T13:55:11Z" duration-ms="589" status="PASS">
          <params>
            <param index="0">
              <value>
                <![CDATA[eve.holt@reqres.in]]>
              </value>
            </param>
            <param index="1">
              <value>
                <![CDATA[pistol]]>
              </value>
            </param>
          </params>
          <reporter-output>
          </reporter-output>
        </test-method> <!-- test -->
        <test-method signature="test(java.lang.String, java.lang.String)[pri:0, instance:Datapro.DataProvide@62010f5c]" started-at="2022-05-06T13:55:11Z" name="test" data-provider="login" finished-at="2022-05-06T13:55:11Z" duration-ms="540" status="PASS">
          <params>
            <param index="0">
              <value>
                <![CDATA[eve.holt@reqres.in]]>
              </value>
            </param>
            <param index="1">
              <value>
                <![CDATA[france32]]>
              </value>
            </param>
          </params>
          <reporter-output>
          </reporter-output>
        </test-method> <!-- test -->
      </class> <!-- Datapro.DataProvide -->
    </test> <!-- Default test -->
  </suite> <!-- Default suite -->
</testng-results>
